Using pre-set license
Built from '2020.3/staging' branch; Version is '2020.3.24f1 (79c78de19888) revision 7980941'; Using compiler version '192528614'; Build Type 'Release'
OS: 'Windows 10  (10.0.19043) 64bit Professional' Language: 'en' Physical Memory: 16339 MB
BatchMode: 1, IsHumanControllingUs: 0, StartBugReporterOnCrash: 0, Is64bit: 1, IsPro: 0

COMMAND LINE ARGUMENTS:
C:\Users\jhard\Documents\Unity Engines\2020.3.24f1\Editor\Unity.exe
-adb2
-batchMode
-noUpm
-name
AssetImportWorker0
-projectPath
C:/Users/jhard/Documents/Game-Projects/Crypto-Sandbox
-logFile
Logs/AssetImportWorker0.log
-srvPort
9031
Successfully changed project path to: C:/Users/jhard/Documents/Game-Projects/Crypto-Sandbox
C:/Users/jhard/Documents/Game-Projects/Crypto-Sandbox
Using Asset Import Pipeline V2.
Refreshing native plugins compatible for Editor in 34.87 ms, found 2 plugins.
Preloading 0 native plugins for Editor in 0.00 ms.
Initialize engine version: 2020.3.24f1 (79c78de19888)
[Subsystems] Discovering subsystems at path C:/Users/jhard/Documents/Unity Engines/2020.3.24f1/Editor/Data/Resources/UnitySubsystems
[Subsystems] Discovering subsystems at path C:/Users/jhard/Documents/Game-Projects/Crypto-Sandbox/Assets
GfxDevice: creating device client; threaded=0
Direct3D:
    Version:  Direct3D 11.0 [level 11.1]
    Renderer: NVIDIA GeForce GTX 1080 (ID=0x1b80)
    Vendor:   
    VRAM:     8079 MB
    Driver:   30.0.14.9709
Initialize mono
Mono path[0] = 'C:/Users/jhard/Documents/Unity Engines/2020.3.24f1/Editor/Data/Managed'
Mono path[1] = 'C:/Users/jhard/Documents/Unity Engines/2020.3.24f1/Editor/Data/MonoBleedingEdge/lib/mono/unityjit'
Mono config path = 'C:/Users/jhard/Documents/Unity Engines/2020.3.24f1/Editor/Data/MonoBleedingEdge/etc'
Using monoOptions --debugger-agent=transport=dt_socket,embedding=1,server=y,suspend=n,address=127.0.0.1:56516
Begin MonoManager ReloadAssembly
Registering precompiled unity dll's ...
Register platform support module: C:/Users/jhard/Documents/Unity Engines/2020.3.24f1/Editor/Data/PlaybackEngines/WindowsStandaloneSupport/UnityEditor.WindowsStandalone.Extensions.dll
Registered in 0.001948 seconds.
Native extension for WindowsStandalone target not found
Refreshing native plugins compatible for Editor in 28.85 ms, found 2 plugins.
Preloading 0 native plugins for Editor in 0.00 ms.
Mono: successfully reloaded assembly
- Completed reload, in  0.531 seconds
Domain Reload Profiling:
	ReloadAssembly (531ms)
		BeginReloadAssembly (52ms)
			ExecutionOrderSort (0ms)
			DisableScriptedObjects (0ms)
			BackupInstance (0ms)
			ReleaseScriptingObjects (0ms)
			CreateAndSetChildDomain (1ms)
		EndReloadAssembly (412ms)
			LoadAssemblies (50ms)
			RebuildTransferFunctionScriptingTraits (0ms)
			SetupTypeCache (136ms)
			ReleaseScriptCaches (0ms)
			RebuildScriptCaches (32ms)
			SetupLoadedEditorAssemblies (151ms)
				LogAssemblyErrors (0ms)
				InitializePlatformSupportModulesInManaged (4ms)
				SetLoadedEditorAssemblies (0ms)
				RefreshPlugins (29ms)
				BeforeProcessingInitializeOnLoad (15ms)
				ProcessInitializeOnLoadAttributes (76ms)
				ProcessInitializeOnLoadMethodAttributes (26ms)
				AfterProcessingInitializeOnLoad (0ms)
				EditorAssembliesLoaded (0ms)
			ExecutionOrderSort2 (0ms)
			AwakeInstancesAfterBackupRestoration (0ms)
Platform modules already initialized, skipping
Registering precompiled user dll's ...
Registered in 0.006791 seconds.
Begin MonoManager ReloadAssembly
Native extension for WindowsStandalone target not found
Refreshing native plugins compatible for Editor in 0.53 ms, found 2 plugins.
Preloading 0 native plugins for Editor in 0.00 ms.
Mono: successfully reloaded assembly
- Completed reload, in  1.028 seconds
Domain Reload Profiling:
	ReloadAssembly (1028ms)
		BeginReloadAssembly (135ms)
			ExecutionOrderSort (0ms)
			DisableScriptedObjects (4ms)
			BackupInstance (0ms)
			ReleaseScriptingObjects (0ms)
			CreateAndSetChildDomain (18ms)
		EndReloadAssembly (836ms)
			LoadAssemblies (82ms)
			RebuildTransferFunctionScriptingTraits (0ms)
			SetupTypeCache (319ms)
			ReleaseScriptCaches (0ms)
			RebuildScriptCaches (47ms)
			SetupLoadedEditorAssemblies (296ms)
				LogAssemblyErrors (0ms)
				InitializePlatformSupportModulesInManaged (4ms)
				SetLoadedEditorAssemblies (0ms)
				RefreshPlugins (1ms)
				BeforeProcessingInitializeOnLoad (82ms)
				ProcessInitializeOnLoadAttributes (193ms)
				ProcessInitializeOnLoadMethodAttributes (9ms)
				AfterProcessingInitializeOnLoad (7ms)
				EditorAssembliesLoaded (0ms)
			ExecutionOrderSort2 (0ms)
			AwakeInstancesAfterBackupRestoration (6ms)
Platform modules already initialized, skipping
========================================================================
Worker process is ready to serve import requests
Launched and connected shader compiler UnityShaderCompiler.exe after 0.07 seconds
Refreshing native plugins compatible for Editor in 0.37 ms, found 2 plugins.
Preloading 0 native plugins for Editor in 0.00 ms.
Unloading 1585 Unused Serialized files (Serialized files now loaded: 0)
System memory in use before: 70.6 MB.
System memory in use after: 70.7 MB.

Unloading 25 unused Assets to reduce memory usage. Loaded Objects now: 2011.
Total: 2.469500 ms (FindLiveObjects: 0.124500 ms CreateObjectMapping: 0.039500 ms MarkObjects: 2.237800 ms  DeleteObjects: 0.066800 ms)

AssetImportParameters requested are different than current active one (requested -> active):
  custom:framework-win-MediaFoundation: 216162199b28c13a410421893ffa2e32 -> 
  custom:video-decoder-ogg-theora: a1e56fd34408186e4bbccfd4996cb3dc -> 
  custom:container-muxer-webm: aa71ff27fc2769a1b78a27578f13a17b -> 
  custom:container-demuxer-webm: 4f35f7cbe854078d1ac9338744f61a02 -> 
  custom:container-demuxer-ogg: 62fdf1f143b41e24485cea50d1cbac27 -> 
  custom:video-encoder-webm-vp8: eb34c28f22e8b96e1ab97ce403110664 -> 
  custom:video-decoder-webm-vp8: 9c59270c3fd7afecdb556c50c9e8de78 -> 
  custom:audio-decoder-ogg-vorbis: bf7c407c2cedff20999df2af8eb42d56 -> 
  custom:audio-encoder-webm-vorbis: bf7c407c2cedff20999df2af8eb42d56 -> 
========================================================================
Received Import Request.
  path: Assets/WalletConnectUnity/Packages
  artifactKey: Guid(267e10369179a6640bffbcd4e479403c) Importer(815301076,1909f56bfc062723c751e8b465ee728b)
Start importing Assets/WalletConnectUnity/Packages using Guid(267e10369179a6640bffbcd4e479403c) Importer(815301076,1909f56bfc062723c751e8b465ee728b)  -> (artifact id: '66eedf883b1157063cbc53e04e165d06') in 0.008811 seconds 
  Import took 0.011384 seconds .

========================================================================
Received Import Request.
  Time since last request: 91.542412 seconds.
  path: Assets/WalletConnectUnity/Packages/Newtonsoft.Json/Assemblies/AOT/Newtonsoft.Json.dll
  artifactKey: Guid(4663a802f3ea9874084c7b0740cbb132) Importer(815301076,1909f56bfc062723c751e8b465ee728b)
Start importing Assets/WalletConnectUnity/Packages/Newtonsoft.Json/Assemblies/AOT/Newtonsoft.Json.dll using Guid(4663a802f3ea9874084c7b0740cbb132) Importer(815301076,1909f56bfc062723c751e8b465ee728b)  -> (artifact id: 'ea95c0c498833bd7773e3a4027f44f6c') in 0.033605 seconds 
  Import took 0.036487 seconds .

========================================================================
Received Import Request.
  Time since last request: 8.611361 seconds.
  path: Assets/WalletConnectUnity/Packages/Newtonsoft.Json/Assemblies/AOT/Newtonsoft.Json.XML
  artifactKey: Guid(7f499b0ccaa0b9144a31a159717ad91d) Importer(815301076,1909f56bfc062723c751e8b465ee728b)
Start importing Assets/WalletConnectUnity/Packages/Newtonsoft.Json/Assemblies/AOT/Newtonsoft.Json.XML using Guid(7f499b0ccaa0b9144a31a159717ad91d) Importer(815301076,1909f56bfc062723c751e8b465ee728b)  -> (artifact id: '2536fbdd946f38fac5509b8e51c2dad2') in 0.018193 seconds 
  Import took 0.020393 seconds .

========================================================================
Received Import Request.
  Time since last request: 25.983365 seconds.
  path: Assets/WalletConnectUnity/Packages/Newtonsoft.Json/Assemblies/AOT/Newtonsoft.Json.dll
  artifactKey: Guid(4663a802f3ea9874084c7b0740cbb132) Importer(815301076,1909f56bfc062723c751e8b465ee728b)
Start importing Assets/WalletConnectUnity/Packages/Newtonsoft.Json/Assemblies/AOT/Newtonsoft.Json.dll using Guid(4663a802f3ea9874084c7b0740cbb132) Importer(815301076,1909f56bfc062723c751e8b465ee728b)  -> (artifact id: 'f6e8d7d4498574807072d920a134eaeb') in 0.003022 seconds 
  Import took 0.005434 seconds .

========================================================================
Received Import Request.
  Time since last request: 12.421277 seconds.
  path: Assets/WalletConnectUnity/Packages/Newtonsoft.Json/Assemblies/AOT/Newtonsoft.Json.dll
  artifactKey: Guid(4663a802f3ea9874084c7b0740cbb132) Importer(815301076,1909f56bfc062723c751e8b465ee728b)
Start importing Assets/WalletConnectUnity/Packages/Newtonsoft.Json/Assemblies/AOT/Newtonsoft.Json.dll using Guid(4663a802f3ea9874084c7b0740cbb132) Importer(815301076,1909f56bfc062723c751e8b465ee728b)  -> (artifact id: '27a6c146c8a4a2867a4f1c57833d261c') in 0.003229 seconds 
  Import took 0.006160 seconds .

========================================================================
Received Import Request.
  Time since last request: 179.700520 seconds.
  path: Assets/WalletConnectUnity/Packages/Newtonsoft.Json/Assemblies/AOT/Newtonsoft.Json.dll
  artifactKey: Guid(4663a802f3ea9874084c7b0740cbb132) Importer(815301076,1909f56bfc062723c751e8b465ee728b)
Start importing Assets/WalletConnectUnity/Packages/Newtonsoft.Json/Assemblies/AOT/Newtonsoft.Json.dll using Guid(4663a802f3ea9874084c7b0740cbb132) Importer(815301076,1909f56bfc062723c751e8b465ee728b)  -> (artifact id: '08bb8a65b999a358371c59e3550d147b') in 0.002162 seconds 
  Import took 0.004554 seconds .

========================================================================
Received Prepare
Registering precompiled user dll's ...
Registered in 0.006543 seconds.
Begin MonoManager ReloadAssembly
Native extension for WindowsStandalone target not found
Refreshing native plugins compatible for Editor in 0.36 ms, found 2 plugins.
Preloading 0 native plugins for Editor in 0.00 ms.
Mono: successfully reloaded assembly
- Completed reload, in  0.910 seconds
Domain Reload Profiling:
	ReloadAssembly (911ms)
		BeginReloadAssembly (112ms)
			ExecutionOrderSort (0ms)
			DisableScriptedObjects (4ms)
			BackupInstance (0ms)
			ReleaseScriptingObjects (0ms)
			CreateAndSetChildDomain (30ms)
		EndReloadAssembly (740ms)
			LoadAssemblies (81ms)
			RebuildTransferFunctionScriptingTraits (0ms)
			SetupTypeCache (267ms)
			ReleaseScriptCaches (1ms)
			RebuildScriptCaches (39ms)
			SetupLoadedEditorAssemblies (268ms)
				LogAssemblyErrors (0ms)
				InitializePlatformSupportModulesInManaged (4ms)
				SetLoadedEditorAssemblies (0ms)
				RefreshPlugins (0ms)
				BeforeProcessingInitializeOnLoad (71ms)
				ProcessInitializeOnLoadAttributes (176ms)
				ProcessInitializeOnLoadMethodAttributes (8ms)
				AfterProcessingInitializeOnLoad (6ms)
				EditorAssembliesLoaded (0ms)
			ExecutionOrderSort2 (0ms)
			AwakeInstancesAfterBackupRestoration (6ms)
Platform modules already initialized, skipping
Refreshing native plugins compatible for Editor in 0.35 ms, found 2 plugins.
Preloading 0 native plugins for Editor in 0.00 ms.
Unloading 1579 Unused Serialized files (Serialized files now loaded: 0)
System memory in use before: 70.5 MB.
System memory in use after: 70.6 MB.

Unloading 20 unused Assets to reduce memory usage. Loaded Objects now: 2013.
Total: 2.225800 ms (FindLiveObjects: 0.126000 ms CreateObjectMapping: 0.042500 ms MarkObjects: 2.041900 ms  DeleteObjects: 0.014600 ms)

AssetImportParameters requested are different than current active one (requested -> active):
  custom:framework-win-MediaFoundation: 216162199b28c13a410421893ffa2e32 -> 
  custom:video-decoder-ogg-theora: a1e56fd34408186e4bbccfd4996cb3dc -> 
  custom:container-muxer-webm: aa71ff27fc2769a1b78a27578f13a17b -> 
  custom:container-demuxer-webm: 4f35f7cbe854078d1ac9338744f61a02 -> 
  custom:container-demuxer-ogg: 62fdf1f143b41e24485cea50d1cbac27 -> 
  custom:video-encoder-webm-vp8: eb34c28f22e8b96e1ab97ce403110664 -> 
  custom:video-decoder-webm-vp8: 9c59270c3fd7afecdb556c50c9e8de78 -> 
  custom:audio-decoder-ogg-vorbis: bf7c407c2cedff20999df2af8eb42d56 -> 
  custom:audio-encoder-webm-vorbis: bf7c407c2cedff20999df2af8eb42d56 -> 
AssetImportWorkerClient::OnTransportError - code=2 error=End of file
