Using pre-set license
Built from '2020.3/staging' branch; Version is '2020.3.24f1 (79c78de19888) revision 7980941'; Using compiler version '192528614'; Build Type 'Release'
OS: 'Windows 10  (10.0.19043) 64bit Professional' Language: 'en' Physical Memory: 16339 MB
BatchMode: 1, IsHumanControllingUs: 0, StartBugReporterOnCrash: 0, Is64bit: 1, IsPro: 0

COMMAND LINE ARGUMENTS:
C:\Users\jhard\Documents\Unity Engines\2020.3.24f1\Editor\Unity.exe
-adb2
-batchMode
-noUpm
-name
AssetImportWorker0
-projectPath
C:/Users/jhard/Documents/Game-Projects/Project Relik
-logFile
Logs/AssetImportWorker0.log
-srvPort
3838
Successfully changed project path to: C:/Users/jhard/Documents/Game-Projects/Project Relik
C:/Users/jhard/Documents/Game-Projects/Project Relik
Using Asset Import Pipeline V2.
Refreshing native plugins compatible for Editor in 60.48 ms, found 3 plugins.
Preloading 0 native plugins for Editor in 0.00 ms.
Initialize engine version: 2020.3.24f1 (79c78de19888)
[Subsystems] Discovering subsystems at path C:/Users/jhard/Documents/Unity Engines/2020.3.24f1/Editor/Data/Resources/UnitySubsystems
[Subsystems] Discovering subsystems at path C:/Users/jhard/Documents/Game-Projects/Project Relik/Assets
GfxDevice: creating device client; threaded=0
Direct3D:
    Version:  Direct3D 11.0 [level 11.1]
    Renderer: NVIDIA GeForce GTX 1080 (ID=0x1b80)
    Vendor:   
    VRAM:     8079 MB
    Driver:   30.0.14.9709
Initialize mono
Mono path[0] = 'C:/Users/jhard/Documents/Unity Engines/2020.3.24f1/Editor/Data/Managed'
Mono path[1] = 'C:/Users/jhard/Documents/Unity Engines/2020.3.24f1/Editor/Data/MonoBleedingEdge/lib/mono/unityjit'
Mono config path = 'C:/Users/jhard/Documents/Unity Engines/2020.3.24f1/Editor/Data/MonoBleedingEdge/etc'
Using monoOptions --debugger-agent=transport=dt_socket,embedding=1,server=y,suspend=n,address=127.0.0.1:56272
Begin MonoManager ReloadAssembly
Registering precompiled unity dll's ...
Register platform support module: C:/Users/jhard/Documents/Unity Engines/2020.3.24f1/Editor/Data/PlaybackEngines/WindowsStandaloneSupport/UnityEditor.WindowsStandalone.Extensions.dll
Registered in 0.001940 seconds.
Native extension for WindowsStandalone target not found
Refreshing native plugins compatible for Editor in 61.06 ms, found 3 plugins.
Preloading 0 native plugins for Editor in 0.00 ms.
Mono: successfully reloaded assembly
- Completed reload, in  0.623 seconds
Domain Reload Profiling:
	ReloadAssembly (623ms)
		BeginReloadAssembly (51ms)
			ExecutionOrderSort (0ms)
			DisableScriptedObjects (0ms)
			BackupInstance (0ms)
			ReleaseScriptingObjects (0ms)
			CreateAndSetChildDomain (1ms)
		EndReloadAssembly (487ms)
			LoadAssemblies (49ms)
			RebuildTransferFunctionScriptingTraits (0ms)
			SetupTypeCache (135ms)
			ReleaseScriptCaches (0ms)
			RebuildScriptCaches (31ms)
			SetupLoadedEditorAssemblies (206ms)
				LogAssemblyErrors (0ms)
				InitializePlatformSupportModulesInManaged (4ms)
				SetLoadedEditorAssemblies (0ms)
				RefreshPlugins (61ms)
				BeforeProcessingInitializeOnLoad (17ms)
				ProcessInitializeOnLoadAttributes (80ms)
				ProcessInitializeOnLoadMethodAttributes (44ms)
				AfterProcessingInitializeOnLoad (0ms)
				EditorAssembliesLoaded (0ms)
			ExecutionOrderSort2 (0ms)
			AwakeInstancesAfterBackupRestoration (0ms)
Platform modules already initialized, skipping
Registering precompiled user dll's ...
Registered in 0.005818 seconds.
Begin MonoManager ReloadAssembly
Native extension for WindowsStandalone target not found
Refreshing native plugins compatible for Editor in 60.88 ms, found 3 plugins.
Preloading 0 native plugins for Editor in 0.00 ms.
Mono: successfully reloaded assembly
- Completed reload, in  1.234 seconds
Domain Reload Profiling:
	ReloadAssembly (1235ms)
		BeginReloadAssembly (130ms)
			ExecutionOrderSort (0ms)
			DisableScriptedObjects (4ms)
			BackupInstance (0ms)
			ReleaseScriptingObjects (0ms)
			CreateAndSetChildDomain (17ms)
		EndReloadAssembly (1034ms)
			LoadAssemblies (90ms)
			RebuildTransferFunctionScriptingTraits (0ms)
			SetupTypeCache (319ms)
			ReleaseScriptCaches (2ms)
			RebuildScriptCaches (69ms)
			SetupLoadedEditorAssemblies (424ms)
				LogAssemblyErrors (0ms)
				InitializePlatformSupportModulesInManaged (3ms)
				SetLoadedEditorAssemblies (1ms)
				RefreshPlugins (61ms)
				BeforeProcessingInitializeOnLoad (124ms)
				ProcessInitializeOnLoadAttributes (211ms)
				ProcessInitializeOnLoadMethodAttributes (17ms)
				AfterProcessingInitializeOnLoad (7ms)
				EditorAssembliesLoaded (0ms)
			ExecutionOrderSort2 (0ms)
			AwakeInstancesAfterBackupRestoration (10ms)
Platform modules already initialized, skipping
========================================================================
Worker process is ready to serve import requests
Launched and connected shader compiler UnityShaderCompiler.exe after 0.06 seconds
Refreshing native plugins compatible for Editor in 0.57 ms, found 3 plugins.
Preloading 0 native plugins for Editor in 0.00 ms.
Unloading 3337 Unused Serialized files (Serialized files now loaded: 0)
System memory in use before: 143.6 MB.
System memory in use after: 143.8 MB.

Unloading 29 unused Assets to reduce memory usage. Loaded Objects now: 3771.
Total: 3.103300 ms (FindLiveObjects: 0.274900 ms CreateObjectMapping: 0.153300 ms MarkObjects: 2.603300 ms  DeleteObjects: 0.071000 ms)

AssetImportParameters requested are different than current active one (requested -> active):
  custom:framework-win-MediaFoundation: 216162199b28c13a410421893ffa2e32 -> 
  custom:video-decoder-ogg-theora: a1e56fd34408186e4bbccfd4996cb3dc -> 
  custom:container-muxer-webm: aa71ff27fc2769a1b78a27578f13a17b -> 
  custom:container-demuxer-webm: 4f35f7cbe854078d1ac9338744f61a02 -> 
  custom:container-demuxer-ogg: 62fdf1f143b41e24485cea50d1cbac27 -> 
  custom:video-encoder-webm-vp8: eb34c28f22e8b96e1ab97ce403110664 -> 
  custom:video-decoder-webm-vp8: 9c59270c3fd7afecdb556c50c9e8de78 -> 
  custom:audio-decoder-ogg-vorbis: bf7c407c2cedff20999df2af8eb42d56 -> 
  custom:audio-encoder-webm-vorbis: bf7c407c2cedff20999df2af8eb42d56 -> 
========================================================================
Received Import Request.
  path: Assets/Sprites
  artifactKey: Guid(1a713566414a0df4189d848dcf744dbd) Importer(815301076,1909f56bfc062723c751e8b465ee728b)
Start importing Assets/Sprites using Guid(1a713566414a0df4189d848dcf744dbd) Importer(815301076,1909f56bfc062723c751e8b465ee728b)  -> (artifact id: 'ad7817a435778a042f6495bb4ec83c0b') in 0.009599 seconds 
  Import took 0.014272 seconds .

========================================================================
Received Import Request.
  Time since last request: 39.709885 seconds.
  path: Assets/Sprites/Atlas_natural_elements.png
  artifactKey: Guid(6f8588f225581fb4b8745544290872d8) Importer(815301076,1909f56bfc062723c751e8b465ee728b)
Start importing Assets/Sprites/Atlas_natural_elements.png using Guid(6f8588f225581fb4b8745544290872d8) Importer(815301076,1909f56bfc062723c751e8b465ee728b)  -> (artifact id: '40148e384e1854ccfa5b4b6d27462fdd') in 0.130479 seconds 
  Import took 0.135306 seconds .

========================================================================
Received Import Request.
  Time since last request: 1.303888 seconds.
  path: Assets/Sprites/Atlas_building.png
  artifactKey: Guid(74e3d867edd038b4787161b596476174) Importer(815301076,1909f56bfc062723c751e8b465ee728b)
Start importing Assets/Sprites/Atlas_building.png using Guid(74e3d867edd038b4787161b596476174) Importer(815301076,1909f56bfc062723c751e8b465ee728b)  -> (artifact id: '29d33d384ef840691d1d8a5a5618dedf') in 0.013866 seconds 
  Import took 0.018714 seconds .

========================================================================
Received Import Request.
  Time since last request: 170.453163 seconds.
  path: Assets/Sprites/Atlas_building.png
  artifactKey: Guid(74e3d867edd038b4787161b596476174) Importer(815301076,1909f56bfc062723c751e8b465ee728b)
Start importing Assets/Sprites/Atlas_building.png using Guid(74e3d867edd038b4787161b596476174) Importer(815301076,1909f56bfc062723c751e8b465ee728b)  -> (artifact id: 'b90def1eb220737d4917dc78b2d6be61') in 0.009673 seconds 
  Import took 0.015226 seconds .

========================================================================
Received Import Request.
  Time since last request: 1.702788 seconds.
  path: Assets/Sprites/Atlas_ground.png
  artifactKey: Guid(c3b822a720c47a746a6f9398bd8e1d03) Importer(815301076,1909f56bfc062723c751e8b465ee728b)
Start importing Assets/Sprites/Atlas_ground.png using Guid(c3b822a720c47a746a6f9398bd8e1d03) Importer(815301076,1909f56bfc062723c751e8b465ee728b)  -> (artifact id: 'a105cd22ed5600a53c451469e7ee0995') in 0.018438 seconds 
  Import took 0.023449 seconds .

========================================================================
Received Import Request.
  Time since last request: 23.656000 seconds.
  path: Assets/Sprites/Atlas_ground.png
  artifactKey: Guid(c3b822a720c47a746a6f9398bd8e1d03) Importer(815301076,1909f56bfc062723c751e8b465ee728b)
Start importing Assets/Sprites/Atlas_ground.png using Guid(c3b822a720c47a746a6f9398bd8e1d03) Importer(815301076,1909f56bfc062723c751e8b465ee728b)  -> (artifact id: '706bbc81155d74f774031ea8a180871f') in 0.015196 seconds 
  Import took 0.020094 seconds .

========================================================================
Received Import Request.
  Time since last request: 240.287989 seconds.
  path: Assets/Sprites/Atlas_ground.png
  artifactKey: Guid(c3b822a720c47a746a6f9398bd8e1d03) Importer(815301076,1909f56bfc062723c751e8b465ee728b)
Start importing Assets/Sprites/Atlas_ground.png using Guid(c3b822a720c47a746a6f9398bd8e1d03) Importer(815301076,1909f56bfc062723c751e8b465ee728b)  -> (artifact id: '4986f29b9bf06967296b4ad55ef7ec0c') in 0.330852 seconds 
  Import took 0.336707 seconds .

========================================================================
Received Import Request.
  Time since last request: 68.995493 seconds.
  path: Assets/Tile Palettes
  artifactKey: Guid(479eb37831222fc4ca36d1c2c96bb91b) Importer(815301076,1909f56bfc062723c751e8b465ee728b)
Start importing Assets/Tile Palettes using Guid(479eb37831222fc4ca36d1c2c96bb91b) Importer(815301076,1909f56bfc062723c751e8b465ee728b)  -> (artifact id: '77a34f71413e0e41d266d405690fd95b') in 0.005712 seconds 
  Import took 0.010561 seconds .

========================================================================
Received Import Request.
  Time since last request: 29.755553 seconds.
  path: Assets/Tile Palettes/Uni Art Ground.prefab
  artifactKey: Guid(9fffe3e06b733af46b11d104a218fe92) Importer(815301076,1909f56bfc062723c751e8b465ee728b)
Start importing Assets/Tile Palettes/Uni Art Ground.prefab using Guid(9fffe3e06b733af46b11d104a218fe92) Importer(815301076,1909f56bfc062723c751e8b465ee728b)  -> (artifact id: 'af2a10fb374ba8f938a4b2e25b73d3b9') in 0.158783 seconds 
  Import took 0.163463 seconds .

========================================================================
Received Import Request.
  Time since last request: 324.506163 seconds.
  path: Assets/Tile Palettes/Atlas_ground_93.asset
  artifactKey: Guid(315eb3896b0d3d8469b794f8800e14b9) Importer(815301076,1909f56bfc062723c751e8b465ee728b)
Start importing Assets/Tile Palettes/Atlas_ground_93.asset using Guid(315eb3896b0d3d8469b794f8800e14b9) Importer(815301076,1909f56bfc062723c751e8b465ee728b)  -> (artifact id: '3b88333496c2021b768faa7280c99c22') in 0.028897 seconds 
  Import took 0.034485 seconds .

========================================================================
Received Import Request.
  Time since last request: 0.744786 seconds.
  path: Assets/Tile Palettes/Atlas_ground_97.asset
  artifactKey: Guid(52276962f2abc1a40be36849c05f003c) Importer(815301076,1909f56bfc062723c751e8b465ee728b)
Start importing Assets/Tile Palettes/Atlas_ground_97.asset using Guid(52276962f2abc1a40be36849c05f003c) Importer(815301076,1909f56bfc062723c751e8b465ee728b)  -> (artifact id: '58eae9258bff788059961a02a4ace51d') in 0.011768 seconds 
  Import took 0.016545 seconds .

========================================================================
Received Import Request.
  Time since last request: 0.672917 seconds.
  path: Assets/Tile Palettes/Atlas_ground_100.asset
  artifactKey: Guid(24a6ee23e9599324a9d43dcb3a2c242a) Importer(815301076,1909f56bfc062723c751e8b465ee728b)
Start importing Assets/Tile Palettes/Atlas_ground_100.asset using Guid(24a6ee23e9599324a9d43dcb3a2c242a) Importer(815301076,1909f56bfc062723c751e8b465ee728b)  -> (artifact id: 'e09045d0dedad3be1b76efa28e701249') in 0.013012 seconds 
  Import took 0.017819 seconds .

========================================================================
Received Import Request.
  Time since last request: 0.917989 seconds.
  path: Assets/Tile Palettes/Atlas_ground_102.asset
  artifactKey: Guid(0dcbdfa7ffc53404c8c9aaa5da8601f5) Importer(815301076,1909f56bfc062723c751e8b465ee728b)
Start importing Assets/Tile Palettes/Atlas_ground_102.asset using Guid(0dcbdfa7ffc53404c8c9aaa5da8601f5) Importer(815301076,1909f56bfc062723c751e8b465ee728b)  -> (artifact id: '56659333299640f8ceeaf4bc4ea45ecc') in 0.012212 seconds 
  Import took 0.017338 seconds .

========================================================================
Received Import Request.
  Time since last request: 0.546539 seconds.
  path: Assets/Tile Palettes/Atlas_ground_105.asset
  artifactKey: Guid(9b5ed6672ce615646a6ba566affc3350) Importer(815301076,1909f56bfc062723c751e8b465ee728b)
Start importing Assets/Tile Palettes/Atlas_ground_105.asset using Guid(9b5ed6672ce615646a6ba566affc3350) Importer(815301076,1909f56bfc062723c751e8b465ee728b)  -> (artifact id: '222bf63ff057b5c9dbe140d84b8beede') in 0.013668 seconds 
  Import took 0.018792 seconds .

========================================================================
Received Import Request.
  Time since last request: 1.039732 seconds.
  path: Assets/Tile Palettes/Atlas_ground_108.asset
  artifactKey: Guid(121f08e44f0a46a4fa506b208fab3180) Importer(815301076,1909f56bfc062723c751e8b465ee728b)
Start importing Assets/Tile Palettes/Atlas_ground_108.asset using Guid(121f08e44f0a46a4fa506b208fab3180) Importer(815301076,1909f56bfc062723c751e8b465ee728b)  -> (artifact id: 'b2c2e2dc3bf5170b0b99ddbba365a3b0') in 0.014394 seconds 
  Import took 0.019166 seconds .

========================================================================
Received Import Request.
  Time since last request: 0.748754 seconds.
  path: Assets/Tile Palettes/Atlas_ground_104.asset
  artifactKey: Guid(ba76747e35554f34c9caff48f154728c) Importer(815301076,1909f56bfc062723c751e8b465ee728b)
Start importing Assets/Tile Palettes/Atlas_ground_104.asset using Guid(ba76747e35554f34c9caff48f154728c) Importer(815301076,1909f56bfc062723c751e8b465ee728b)  -> (artifact id: '3b2d46f27c97beaa4203a501d548461c') in 0.011647 seconds 
  Import took 0.016581 seconds .

========================================================================
Received Import Request.
  Time since last request: 3.463610 seconds.
  path: Assets/Tile Palettes/Atlas_ground_0.asset
  artifactKey: Guid(d97096a6a23f1fa41accf0ca2a9cea0c) Importer(815301076,1909f56bfc062723c751e8b465ee728b)
Start importing Assets/Tile Palettes/Atlas_ground_0.asset using Guid(d97096a6a23f1fa41accf0ca2a9cea0c) Importer(815301076,1909f56bfc062723c751e8b465ee728b)  -> (artifact id: '32909da5f4bd3e3eee7c1cf4b9531e6e') in 0.012512 seconds 
  Import took 0.017467 seconds .

========================================================================
Received Import Request.
  Time since last request: 1.445947 seconds.
  path: Assets/Tile Palettes/Atlas_ground_1.asset
  artifactKey: Guid(6053350192f4f4a4ead8d30c2955c6ae) Importer(815301076,1909f56bfc062723c751e8b465ee728b)
Start importing Assets/Tile Palettes/Atlas_ground_1.asset using Guid(6053350192f4f4a4ead8d30c2955c6ae) Importer(815301076,1909f56bfc062723c751e8b465ee728b)  -> (artifact id: '78263284884ab0d37aa437fb30fdad0e') in 0.012974 seconds 
  Import took 0.017763 seconds .

========================================================================
Received Import Request.
  Time since last request: 0.654106 seconds.
  path: Assets/Tile Palettes/Atlas_ground_3.asset
  artifactKey: Guid(f702cce33f6a78549b5541ae90abc9db) Importer(815301076,1909f56bfc062723c751e8b465ee728b)
Start importing Assets/Tile Palettes/Atlas_ground_3.asset using Guid(f702cce33f6a78549b5541ae90abc9db) Importer(815301076,1909f56bfc062723c751e8b465ee728b)  -> (artifact id: '3fcc4d2a9975fce1db6579835bd6cbbd') in 0.011354 seconds 
  Import took 0.016480 seconds .

========================================================================
Received Import Request.
  Time since last request: 1.464128 seconds.
  path: Assets/Tile Palettes/Atlas_ground_4.asset
  artifactKey: Guid(a847b29d16ae4ec448e9484743038dad) Importer(815301076,1909f56bfc062723c751e8b465ee728b)
Start importing Assets/Tile Palettes/Atlas_ground_4.asset using Guid(a847b29d16ae4ec448e9484743038dad) Importer(815301076,1909f56bfc062723c751e8b465ee728b)  -> (artifact id: '0184cea60651e044dd9cabbcf0e47922') in 0.012151 seconds 
  Import took 0.017181 seconds .

========================================================================
Received Import Request.
  Time since last request: 1.013770 seconds.
  path: Assets/Tile Palettes/Atlas_ground_6.asset
  artifactKey: Guid(0b142c19cab55ce4ab834ceb28423fdf) Importer(815301076,1909f56bfc062723c751e8b465ee728b)
Start importing Assets/Tile Palettes/Atlas_ground_6.asset using Guid(0b142c19cab55ce4ab834ceb28423fdf) Importer(815301076,1909f56bfc062723c751e8b465ee728b)  -> (artifact id: '07fde1a7247220e11450207e2d65a3c7') in 0.011553 seconds 
  Import took 0.016425 seconds .

========================================================================
Received Import Request.
  Time since last request: 1.735880 seconds.
  path: Assets/Tile Palettes/Atlas_ground_8.asset
  artifactKey: Guid(4bf71a7d8121a904290cc487cc6e333d) Importer(815301076,1909f56bfc062723c751e8b465ee728b)
Start importing Assets/Tile Palettes/Atlas_ground_8.asset using Guid(4bf71a7d8121a904290cc487cc6e333d) Importer(815301076,1909f56bfc062723c751e8b465ee728b)  -> (artifact id: 'ea9edd23ab9c842f4b5007e3a8f99e49') in 0.012946 seconds 
  Import took 0.018332 seconds .

========================================================================
Received Import Request.
  Time since last request: 0.612821 seconds.
  path: Assets/Tile Palettes/Atlas_ground_10.asset
  artifactKey: Guid(ebd45fca59cf2d844b56b86e85e910fe) Importer(815301076,1909f56bfc062723c751e8b465ee728b)
Start importing Assets/Tile Palettes/Atlas_ground_10.asset using Guid(ebd45fca59cf2d844b56b86e85e910fe) Importer(815301076,1909f56bfc062723c751e8b465ee728b)  -> (artifact id: '4a0b63b18ca23d5887383315a8201a9d') in 0.012408 seconds 
  Import took 0.017560 seconds .

========================================================================
Received Import Request.
  Time since last request: 2.567509 seconds.
  path: Assets/Tile Palettes/Atlas_ground_11.asset
  artifactKey: Guid(e92d84dbd3bcfa8459bc14d70408fca4) Importer(815301076,1909f56bfc062723c751e8b465ee728b)
Start importing Assets/Tile Palettes/Atlas_ground_11.asset using Guid(e92d84dbd3bcfa8459bc14d70408fca4) Importer(815301076,1909f56bfc062723c751e8b465ee728b)  -> (artifact id: 'ed9cf060834e4da35b793a4d158c3f37') in 0.013322 seconds 
  Import took 0.018465 seconds .

========================================================================
Received Import Request.
  Time since last request: 0.660616 seconds.
  path: Assets/Tile Palettes/Atlas_ground_13.asset
  artifactKey: Guid(18d5d641655217649bdd389357646c69) Importer(815301076,1909f56bfc062723c751e8b465ee728b)
Start importing Assets/Tile Palettes/Atlas_ground_13.asset using Guid(18d5d641655217649bdd389357646c69) Importer(815301076,1909f56bfc062723c751e8b465ee728b)  -> (artifact id: '5933a790ec0c3956e5a139bbdb2ec387') in 0.014328 seconds 
  Import took 0.019277 seconds .

========================================================================
Received Import Request.
  Time since last request: 0.676838 seconds.
  path: Assets/Tile Palettes/Atlas_ground_15.asset
  artifactKey: Guid(7bb841e81fc54a340afe237fd0cdb544) Importer(815301076,1909f56bfc062723c751e8b465ee728b)
Start importing Assets/Tile Palettes/Atlas_ground_15.asset using Guid(7bb841e81fc54a340afe237fd0cdb544) Importer(815301076,1909f56bfc062723c751e8b465ee728b)  -> (artifact id: 'b1f13a0976ca1c827533c03228f44a24') in 0.013299 seconds 
  Import took 0.018091 seconds .

========================================================================
Received Import Request.
  Time since last request: 0.565197 seconds.
  path: Assets/Tile Palettes/Atlas_ground_18.asset
  artifactKey: Guid(b9b63502b0e664e44a4e1bbc200187f2) Importer(815301076,1909f56bfc062723c751e8b465ee728b)
Start importing Assets/Tile Palettes/Atlas_ground_18.asset using Guid(b9b63502b0e664e44a4e1bbc200187f2) Importer(815301076,1909f56bfc062723c751e8b465ee728b)  -> (artifact id: 'fbde23290737be6b66b91a12031a1ff5') in 0.013678 seconds 
  Import took 0.018530 seconds .

========================================================================
Received Import Request.
  Time since last request: 0.873588 seconds.
  path: Assets/Tile Palettes/Atlas_ground_20.asset
  artifactKey: Guid(50032b44ff0f91b4aa7585b4c5822d07) Importer(815301076,1909f56bfc062723c751e8b465ee728b)
Start importing Assets/Tile Palettes/Atlas_ground_20.asset using Guid(50032b44ff0f91b4aa7585b4c5822d07) Importer(815301076,1909f56bfc062723c751e8b465ee728b)  -> (artifact id: '280c596e7533e29060cd177f1ef053c6') in 0.016305 seconds 
  Import took 0.026701 seconds .

========================================================================
Received Import Request.
  Time since last request: 2.337007 seconds.
  path: Assets/Tile Palettes/Atlas_ground_22.asset
  artifactKey: Guid(7da57dac626dc7048877a5de72595f42) Importer(815301076,1909f56bfc062723c751e8b465ee728b)
Start importing Assets/Tile Palettes/Atlas_ground_22.asset using Guid(7da57dac626dc7048877a5de72595f42) Importer(815301076,1909f56bfc062723c751e8b465ee728b)  -> (artifact id: 'b6f5ab5d9f628e1dd642ae925db726f6') in 0.015890 seconds 
  Import took 0.020765 seconds .

========================================================================
Received Import Request.
  Time since last request: 1.443485 seconds.
  path: Assets/Tile Palettes/Atlas_ground_24.asset
  artifactKey: Guid(5f9389f9e5df7044f9c4d736be421c77) Importer(815301076,1909f56bfc062723c751e8b465ee728b)
Start importing Assets/Tile Palettes/Atlas_ground_24.asset using Guid(5f9389f9e5df7044f9c4d736be421c77) Importer(815301076,1909f56bfc062723c751e8b465ee728b)  -> (artifact id: 'fabe33b46cfd575cd0ae95f6af69b761') in 0.014218 seconds 
  Import took 0.019298 seconds .

========================================================================
Received Import Request.
  Time since last request: 1.076903 seconds.
  path: Assets/Tile Palettes/Atlas_ground_25.asset
  artifactKey: Guid(e3bccdcbd9579504f961e8ef4bd62640) Importer(815301076,1909f56bfc062723c751e8b465ee728b)
Start importing Assets/Tile Palettes/Atlas_ground_25.asset using Guid(e3bccdcbd9579504f961e8ef4bd62640) Importer(815301076,1909f56bfc062723c751e8b465ee728b)  -> (artifact id: 'e07e6c41bf18073ab2601d698f3ae024') in 0.013102 seconds 
  Import took 0.017921 seconds .

========================================================================
Received Import Request.
  Time since last request: 1.349637 seconds.
  path: Assets/Tile Palettes/Atlas_ground_36.asset
  artifactKey: Guid(aedd11912ceaf4e4194bc64d843bfc6c) Importer(815301076,1909f56bfc062723c751e8b465ee728b)
Start importing Assets/Tile Palettes/Atlas_ground_36.asset using Guid(aedd11912ceaf4e4194bc64d843bfc6c) Importer(815301076,1909f56bfc062723c751e8b465ee728b)  -> (artifact id: '303c29ab87c131bb53702049abbce420') in 0.013005 seconds 
  Import took 0.017766 seconds .

========================================================================
Received Import Request.
  Time since last request: 1.230827 seconds.
  path: Assets/Tile Palettes/Atlas_ground_43.asset
  artifactKey: Guid(d352b968f99fca74fa91bcda0dc20ef8) Importer(815301076,1909f56bfc062723c751e8b465ee728b)
Start importing Assets/Tile Palettes/Atlas_ground_43.asset using Guid(d352b968f99fca74fa91bcda0dc20ef8) Importer(815301076,1909f56bfc062723c751e8b465ee728b)  -> (artifact id: 'c2de4efcb59dcc87229abe5401dda850') in 0.012753 seconds 
  Import took 0.017713 seconds .

========================================================================
Received Import Request.
  Time since last request: 128.733613 seconds.
  path: Assets/Tile Palettes/Atlas_ground_28.asset
  artifactKey: Guid(8ed03893e03c1194d826bbff3ed1bb90) Importer(815301076,1909f56bfc062723c751e8b465ee728b)
Start importing Assets/Tile Palettes/Atlas_ground_28.asset using Guid(8ed03893e03c1194d826bbff3ed1bb90) Importer(815301076,1909f56bfc062723c751e8b465ee728b)  -> (artifact id: '541519854e67ac278c4f76015b57180f') in 0.012397 seconds 
  Import took 0.017525 seconds .

========================================================================
Received Import Request.
  Time since last request: 1.182483 seconds.
  path: Assets/Tile Palettes/Atlas_ground_14.asset
  artifactKey: Guid(6244528482ec74d4d9ce1343656142f1) Importer(815301076,1909f56bfc062723c751e8b465ee728b)
Start importing Assets/Tile Palettes/Atlas_ground_14.asset using Guid(6244528482ec74d4d9ce1343656142f1) Importer(815301076,1909f56bfc062723c751e8b465ee728b)  -> (artifact id: 'b9f8115b9f5eeba375ab0aef39352b11') in 0.012051 seconds 
  Import took 0.016829 seconds .

========================================================================
Received Import Request.
  Time since last request: 41.400593 seconds.
  path: Assets/Tile Palettes/Uni Art Ground.prefab
  artifactKey: Guid(9fffe3e06b733af46b11d104a218fe92) Importer(815301076,1909f56bfc062723c751e8b465ee728b)
Start importing Assets/Tile Palettes/Uni Art Ground.prefab using Guid(9fffe3e06b733af46b11d104a218fe92) Importer(815301076,1909f56bfc062723c751e8b465ee728b)  -> (artifact id: '59f74288937b4dd924d11c4aa9f4d7a6') in 0.019330 seconds 
  Import took 0.024859 seconds .

========================================================================
Received Import Request.
  Time since last request: 98.229289 seconds.
  path: Assets/Tile Palettes/Uni Art Ground Tiles
  artifactKey: Guid(b9f02eba2e16b3a4ea2a6bf3f94c8923) Importer(815301076,1909f56bfc062723c751e8b465ee728b)
Start importing Assets/Tile Palettes/Uni Art Ground Tiles using Guid(b9f02eba2e16b3a4ea2a6bf3f94c8923) Importer(815301076,1909f56bfc062723c751e8b465ee728b)  -> (artifact id: 'f55ceef0ffcf97a3d4d2f11810a5587f') in 0.005943 seconds 
  Import took 0.011036 seconds .

========================================================================
Received Import Request.
  Time since last request: 7490.408998 seconds.
  path: Assets/Tile Palettes/Uni Art Ground.prefab
  artifactKey: Guid(9fffe3e06b733af46b11d104a218fe92) Importer(815301076,1909f56bfc062723c751e8b465ee728b)
Start importing Assets/Tile Palettes/Uni Art Ground.prefab using Guid(9fffe3e06b733af46b11d104a218fe92) Importer(815301076,1909f56bfc062723c751e8b465ee728b)  -> (artifact id: 'a862d8b1d4c28760f7922de82f1ecc9d') in 0.027935 seconds 
  Import took 0.039644 seconds .

AssetImportWorkerClient::OnTransportError - code=2 error=End of file
